2023-08-29 09:34:26,978 INFO  [restartedMain] com.tpe.SpringbootintroApplication:Starting SpringbootintroApplication using Java 11.0.19 on LAPTOP-FM0AJ3H8 with PID 40468 (C:\Users\ASUS\OneDrive\Masaüstü\springbootintro\target\classes started by ASUS in C:\Users\ASUS\OneDrive\Masaüstü\springbootintro)
2023-08-29 09:34:27,000 INFO  [restartedMain] com.tpe.SpringbootintroApplication:No active profile set, falling back to default profiles: default
2023-08-29 09:34:27,289 INFO  [restartedMain] org.springframework.boot.devtools.env.DevToolsPropertyDefaultsPostProcessor:Devtools property defaults active! Set 'spring.devtools.add-properties' to 'false' to disable
2023-08-29 09:34:27,303 INFO  [restartedMain] org.springframework.boot.devtools.env.DevToolsPropertyDefaultsPostProcessor:For additional web related logging consider setting the 'logging.level.web' property to 'DEBUG'
2023-08-29 09:34:31,105 INFO  [restartedMain] org.springframework.data.repository.config.RepositoryConfigurationDelegate:Bootstrapping Spring Data JPA repositories in DEFAULT mode.
2023-08-29 09:34:31,278 INFO  [restartedMain] org.springframework.data.repository.config.RepositoryConfigurationDelegate:Finished Spring Data repository scanning in 151 ms. Found 3 JPA repository interfaces.
2023-08-29 09:34:33,618 INFO  [restartedMain] org.springframework.boot.web.embedded.tomcat.TomcatWebServer:Tomcat initialized with port(s): 8080 (http)
2023-08-29 09:34:33,661 INFO  [restartedMain] org.apache.catalina.core.StandardService:Starting service [Tomcat]
2023-08-29 09:34:33,662 INFO  [restartedMain] org.apache.catalina.core.StandardEngine:Starting Servlet engine: [Apache Tomcat/9.0.56]
2023-08-29 09:34:34,045 INFO  [restartedMain] org.apache.catalina.core.ContainerBase.[Tomcat].[localhost].[/]:Initializing Spring embedded WebApplicationContext
2023-08-29 09:34:34,046 INFO  [restartedMain] org.springframework.boot.web.servlet.context.ServletWebServerApplicationContext:Root WebApplicationContext: initialization completed in 6742 ms
2023-08-29 09:34:34,971 INFO  [restartedMain] org.hibernate.jpa.internal.util.LogHelper:HHH000204: Processing PersistenceUnitInfo [name: default]
2023-08-29 09:34:35,168 INFO  [restartedMain] org.hibernate.Version:HHH000412: Hibernate ORM core version 5.6.4.Final
2023-08-29 09:34:35,637 INFO  [restartedMain] org.hibernate.annotations.common.Version:HCANN000001: Hibernate Commons Annotations {5.1.2.Final}
2023-08-29 09:34:35,944 INFO  [restartedMain] com.zaxxer.hikari.HikariDataSource:HikariPool-1 - Starting...
2023-08-29 09:34:36,341 INFO  [restartedMain] com.zaxxer.hikari.HikariDataSource:HikariPool-1 - Start completed.
2023-08-29 09:34:36,374 INFO  [restartedMain] org.hibernate.dialect.Dialect:HHH000400: Using dialect: org.hibernate.dialect.PostgreSQLDialect
2023-08-29 09:34:38,315 INFO  [restartedMain] org.hibernate.engine.transaction.jta.platform.internal.JtaPlatformInitiator:HHH000490: Using JtaPlatform implementation: [org.hibernate.engine.transaction.jta.platform.internal.NoJtaPlatform]
2023-08-29 09:34:38,329 INFO  [restartedMain] org.springframework.orm.jpa.LocalContainerEntityManagerFactoryBean:Initialized JPA EntityManagerFactory for persistence unit 'default'
2023-08-29 09:34:39,228 WARN  [restartedMain] org.springframework.boot.autoconfigure.orm.jpa.JpaBaseConfiguration$JpaWebConfiguration:spring.jpa.open-in-view is enabled by default. Therefore, database queries may be performed during view rendering. Explicitly configure spring.jpa.open-in-view to disable this warning
2023-08-29 09:34:39,516 INFO  [restartedMain] org.springframework.security.web.DefaultSecurityFilterChain:Will secure any request with [org.springframework.security.web.context.request.async.WebAsyncManagerIntegrationFilter@45c719fb, org.springframework.security.web.context.SecurityContextPersistenceFilter@7ac3aab, org.springframework.security.web.header.HeaderWriterFilter@6e884906, org.springframework.security.web.authentication.logout.LogoutFilter@2d9333ff, org.springframework.security.web.authentication.www.BasicAuthenticationFilter@3aa05e8, org.springframework.security.web.savedrequest.RequestCacheAwareFilter@29203667, org.springframework.security.web.servletapi.SecurityContextHolderAwareRequestFilter@4f7a6863, org.springframework.security.web.authentication.AnonymousAuthenticationFilter@5b054a2f, org.springframework.security.web.session.SessionManagementFilter@36b275a7, org.springframework.security.web.access.ExceptionTranslationFilter@621ede31, org.springframework.security.web.access.intercept.AuthorizationFilter@64749008]
2023-08-29 09:34:40,333 INFO  [restartedMain] org.springframework.boot.devtools.autoconfigure.OptionalLiveReloadServer:LiveReload server is running on port 35729
2023-08-29 09:34:40,343 INFO  [restartedMain] org.springframework.boot.actuate.endpoint.web.EndpointLinksResolver:Exposing 4 endpoint(s) beneath base path '/actuator'
2023-08-29 09:34:40,429 INFO  [restartedMain] org.springframework.boot.web.embedded.tomcat.TomcatWebServer:Tomcat started on port(s): 8080 (http) with context path ''
2023-08-29 09:34:40,450 INFO  [restartedMain] com.tpe.SpringbootintroApplication:Started SpringbootintroApplication in 15.049 seconds (JVM running for 28.997)
2023-08-29 09:36:53,961 INFO  [http-nio-8080-exec-2] org.apache.catalina.core.ContainerBase.[Tomcat].[localhost].[/]:Initializing Spring DispatcherServlet 'dispatcherServlet'
2023-08-29 09:36:54,471 WARN  [http-nio-8080-exec-2] org.springframework.web.servlet.mvc.support.DefaultHandlerExceptionResolver:Resolved [org.springframework.web.bind.MethodArgumentNotValidException: Validation failed for argument [0] in public org.springframework.http.ResponseEntity<java.lang.String> com.tpe.controller.UserController.register(com.tpe.dto.UserRequest): [Field error in object 'userRequest' on field 'userName': rejected value [user]; codes [Size.userRequest.userName,Size.userName,Size.java.lang.String,Size]; arguments [org.springframework.context.support.DefaultMessageSourceResolvable: codes [userRequest.userName,userName]; arguments []; default message [userName],10,5]; default message [Please provide a User Name min=5, max=10 chars long]] ]
2023-08-29 09:39:38,461 WARN  [http-nio-8080-exec-7] org.apache.catalina.util.SessionIdGeneratorBase:Creation of SecureRandom instance for session ID generation using [SHA1PRNG] took [237] milliseconds.
2023-08-29 09:40:59,036 INFO  [SpringApplicationShutdownHook] org.springframework.orm.jpa.LocalContainerEntityManagerFactoryBean:Closing JPA EntityManagerFactory for persistence unit 'default'
2023-08-29 09:40:59,061 INFO  [SpringApplicationShutdownHook] com.zaxxer.hikari.HikariDataSource:HikariPool-1 - Shutdown initiated...
2023-08-29 09:40:59,105 INFO  [SpringApplicationShutdownHook] com.zaxxer.hikari.HikariDataSource:HikariPool-1 - Shutdown completed.
2023-08-29 14:28:29,351 INFO  [restartedMain] com.tpe.SpringbootintroApplication:Starting SpringbootintroApplication using Java 11.0.19 on LAPTOP-FM0AJ3H8 with PID 38300 (C:\Users\ASUS\OneDrive\Masaüstü\springbootintro\target\classes started by ASUS in C:\Users\ASUS\OneDrive\Masaüstü\springbootintro)
2023-08-29 14:28:29,353 INFO  [restartedMain] com.tpe.SpringbootintroApplication:No active profile set, falling back to default profiles: default
2023-08-29 14:28:29,443 INFO  [restartedMain] org.springframework.boot.devtools.env.DevToolsPropertyDefaultsPostProcessor:Devtools property defaults active! Set 'spring.devtools.add-properties' to 'false' to disable
2023-08-29 14:28:29,444 INFO  [restartedMain] org.springframework.boot.devtools.env.DevToolsPropertyDefaultsPostProcessor:For additional web related logging consider setting the 'logging.level.web' property to 'DEBUG'
2023-08-29 14:28:31,383 INFO  [restartedMain] org.springframework.data.repository.config.RepositoryConfigurationDelegate:Bootstrapping Spring Data JPA repositories in DEFAULT mode.
2023-08-29 14:28:31,505 INFO  [restartedMain] org.springframework.data.repository.config.RepositoryConfigurationDelegate:Finished Spring Data repository scanning in 100 ms. Found 3 JPA repository interfaces.
2023-08-29 14:28:33,206 INFO  [restartedMain] org.springframework.boot.web.embedded.tomcat.TomcatWebServer:Tomcat initialized with port(s): 8080 (http)
2023-08-29 14:28:33,237 INFO  [restartedMain] org.apache.catalina.core.StandardService:Starting service [Tomcat]
2023-08-29 14:28:33,238 INFO  [restartedMain] org.apache.catalina.core.StandardEngine:Starting Servlet engine: [Apache Tomcat/9.0.56]
2023-08-29 14:28:33,378 INFO  [restartedMain] org.apache.catalina.core.ContainerBase.[Tomcat].[localhost].[/]:Initializing Spring embedded WebApplicationContext
2023-08-29 14:28:33,379 INFO  [restartedMain] org.springframework.boot.web.servlet.context.ServletWebServerApplicationContext:Root WebApplicationContext: initialization completed in 3934 ms
2023-08-29 14:28:34,184 INFO  [restartedMain] org.hibernate.jpa.internal.util.LogHelper:HHH000204: Processing PersistenceUnitInfo [name: default]
2023-08-29 14:28:34,289 INFO  [restartedMain] org.hibernate.Version:HHH000412: Hibernate ORM core version 5.6.4.Final
2023-08-29 14:28:34,695 INFO  [restartedMain] org.hibernate.annotations.common.Version:HCANN000001: Hibernate Commons Annotations {5.1.2.Final}
2023-08-29 14:28:35,024 INFO  [restartedMain] com.zaxxer.hikari.HikariDataSource:HikariPool-1 - Starting...
2023-08-29 14:28:35,511 INFO  [restartedMain] com.zaxxer.hikari.HikariDataSource:HikariPool-1 - Start completed.
2023-08-29 14:28:35,544 INFO  [restartedMain] org.hibernate.dialect.Dialect:HHH000400: Using dialect: org.hibernate.dialect.PostgreSQLDialect
2023-08-29 14:28:38,068 INFO  [restartedMain] org.hibernate.engine.transaction.jta.platform.internal.JtaPlatformInitiator:HHH000490: Using JtaPlatform implementation: [org.hibernate.engine.transaction.jta.platform.internal.NoJtaPlatform]
2023-08-29 14:28:38,080 INFO  [restartedMain] org.springframework.orm.jpa.LocalContainerEntityManagerFactoryBean:Initialized JPA EntityManagerFactory for persistence unit 'default'
2023-08-29 14:28:39,310 WARN  [restartedMain] org.springframework.boot.autoconfigure.orm.jpa.JpaBaseConfiguration$JpaWebConfiguration:spring.jpa.open-in-view is enabled by default. Therefore, database queries may be performed during view rendering. Explicitly configure spring.jpa.open-in-view to disable this warning
2023-08-29 14:28:39,685 INFO  [restartedMain] org.springframework.security.web.DefaultSecurityFilterChain:Will secure any request with [org.springframework.security.web.context.request.async.WebAsyncManagerIntegrationFilter@3e382e23, org.springframework.security.web.context.SecurityContextPersistenceFilter@5b3dbb6b, org.springframework.security.web.header.HeaderWriterFilter@25725f23, org.springframework.security.web.authentication.logout.LogoutFilter@57d15aaa, org.springframework.security.web.authentication.www.BasicAuthenticationFilter@791f8f90, org.springframework.security.web.savedrequest.RequestCacheAwareFilter@256db6e3, org.springframework.security.web.servletapi.SecurityContextHolderAwareRequestFilter@38c90216, org.springframework.security.web.authentication.AnonymousAuthenticationFilter@53f0c0fb, org.springframework.security.web.session.SessionManagementFilter@37e0553d, org.springframework.security.web.access.ExceptionTranslationFilter@627f96fc, org.springframework.security.web.access.intercept.AuthorizationFilter@32d4fb75]
2023-08-29 14:28:40,616 INFO  [restartedMain] org.springframework.boot.devtools.autoconfigure.OptionalLiveReloadServer:LiveReload server is running on port 35729
2023-08-29 14:28:40,628 INFO  [restartedMain] org.springframework.boot.actuate.endpoint.web.EndpointLinksResolver:Exposing 4 endpoint(s) beneath base path '/actuator'
2023-08-29 14:28:40,731 INFO  [restartedMain] org.springframework.boot.web.embedded.tomcat.TomcatWebServer:Tomcat started on port(s): 8080 (http) with context path ''
2023-08-29 14:28:40,758 INFO  [restartedMain] com.tpe.SpringbootintroApplication:Started SpringbootintroApplication in 12.386 seconds (JVM running for 14.304)
2023-08-29 14:33:52,140 INFO  [http-nio-8080-exec-2] org.apache.catalina.core.ContainerBase.[Tomcat].[localhost].[/]:Initializing Spring DispatcherServlet 'dispatcherServlet'
2023-08-29 14:33:55,181 WARN  [http-nio-8080-exec-2] org.apache.catalina.util.SessionIdGeneratorBase:Creation of SecureRandom instance for session ID generation using [SHA1PRNG] took [517] milliseconds.
2023-08-29 14:43:45,094 INFO  [SpringApplicationShutdownHook] org.springframework.orm.jpa.LocalContainerEntityManagerFactoryBean:Closing JPA EntityManagerFactory for persistence unit 'default'
2023-08-29 14:43:45,158 INFO  [SpringApplicationShutdownHook] com.zaxxer.hikari.HikariDataSource:HikariPool-1 - Shutdown initiated...
2023-08-29 14:43:45,266 INFO  [SpringApplicationShutdownHook] com.zaxxer.hikari.HikariDataSource:HikariPool-1 - Shutdown completed.
